  main.cpp
D:\冯文喜\家用\代码\C++\赛车游戏\racing\racing\main.cpp(15,46): warning C4244: “初始化”: 从“int”转换到“float”，可能丢失数据
D:\冯文喜\家用\代码\C++\赛车游戏\racing\racing\main.cpp(15,53): warning C4244: “初始化”: 从“int”转换到“float”，可能丢失数据
D:\冯文喜\家用\代码\C++\赛车游戏\racing\racing\main.cpp(15,60): warning C4244: “初始化”: 从“int”转换到“float”，可能丢失数据
D:\冯文喜\家用\代码\C++\赛车游戏\racing\racing\main.cpp(18,21): warning C4244: “=”: 从“double”转换到“float”，可能丢失数据
D:\冯文喜\家用\代码\C++\赛车游戏\racing\racing\main.cpp(28,43): warning C4244: “参数”: 从“int”转换到“T”，可能丢失数据
D:\冯文喜\家用\代码\C++\赛车游戏\racing\racing\main.cpp(28,43): warning C4244:         with
D:\冯文喜\家用\代码\C++\赛车游戏\racing\racing\main.cpp(28,43): warning C4244:         [
D:\冯文喜\家用\代码\C++\赛车游戏\racing\racing\main.cpp(28,43): warning C4244:             T=float
D:\冯文喜\家用\代码\C++\赛车游戏\racing\racing\main.cpp(28,43): warning C4244:         ]
D:\冯文喜\家用\代码\C++\赛车游戏\racing\racing\main.cpp(28,37): warning C4244: “参数”: 从“int”转换到“T”，可能丢失数据
D:\冯文喜\家用\代码\C++\赛车游戏\racing\racing\main.cpp(28,37): warning C4244:         with
D:\冯文喜\家用\代码\C++\赛车游戏\racing\racing\main.cpp(28,37): warning C4244:         [
D:\冯文喜\家用\代码\C++\赛车游戏\racing\racing\main.cpp(28,37): warning C4244:             T=float
D:\冯文喜\家用\代码\C++\赛车游戏\racing\racing\main.cpp(28,37): warning C4244:         ]
D:\冯文喜\家用\代码\C++\赛车游戏\racing\racing\main.cpp(29,43): warning C4244: “参数”: 从“int”转换到“T”，可能丢失数据
D:\冯文喜\家用\代码\C++\赛车游戏\racing\racing\main.cpp(29,43): warning C4244:         with
D:\冯文喜\家用\代码\C++\赛车游戏\racing\racing\main.cpp(29,43): warning C4244:         [
D:\冯文喜\家用\代码\C++\赛车游戏\racing\racing\main.cpp(29,43): warning C4244:             T=float
D:\冯文喜\家用\代码\C++\赛车游戏\racing\racing\main.cpp(29,43): warning C4244:         ]
D:\冯文喜\家用\代码\C++\赛车游戏\racing\racing\main.cpp(29,37): warning C4244: “参数”: 从“int”转换到“T”，可能丢失数据
D:\冯文喜\家用\代码\C++\赛车游戏\racing\racing\main.cpp(29,37): warning C4244:         with
D:\冯文喜\家用\代码\C++\赛车游戏\racing\racing\main.cpp(29,37): warning C4244:         [
D:\冯文喜\家用\代码\C++\赛车游戏\racing\racing\main.cpp(29,37): warning C4244:             T=float
D:\冯文喜\家用\代码\C++\赛车游戏\racing\racing\main.cpp(29,37): warning C4244:         ]
D:\冯文喜\家用\代码\C++\赛车游戏\racing\racing\main.cpp(30,43): warning C4244: “参数”: 从“int”转换到“T”，可能丢失数据
D:\冯文喜\家用\代码\C++\赛车游戏\racing\racing\main.cpp(30,43): warning C4244:         with
D:\冯文喜\家用\代码\C++\赛车游戏\racing\racing\main.cpp(30,43): warning C4244:         [
D:\冯文喜\家用\代码\C++\赛车游戏\racing\racing\main.cpp(30,43): warning C4244:             T=float
D:\冯文喜\家用\代码\C++\赛车游戏\racing\racing\main.cpp(30,43): warning C4244:         ]
D:\冯文喜\家用\代码\C++\赛车游戏\racing\racing\main.cpp(30,37): warning C4244: “参数”: 从“int”转换到“T”，可能丢失数据
D:\冯文喜\家用\代码\C++\赛车游戏\racing\racing\main.cpp(30,37): warning C4244:         with
D:\冯文喜\家用\代码\C++\赛车游戏\racing\racing\main.cpp(30,37): warning C4244:         [
D:\冯文喜\家用\代码\C++\赛车游戏\racing\racing\main.cpp(30,37): warning C4244:             T=float
D:\冯文喜\家用\代码\C++\赛车游戏\racing\racing\main.cpp(30,37): warning C4244:         ]
D:\冯文喜\家用\代码\C++\赛车游戏\racing\racing\main.cpp(31,43): warning C4244: “参数”: 从“int”转换到“T”，可能丢失数据
D:\冯文喜\家用\代码\C++\赛车游戏\racing\racing\main.cpp(31,43): warning C4244:         with
D:\冯文喜\家用\代码\C++\赛车游戏\racing\racing\main.cpp(31,43): warning C4244:         [
D:\冯文喜\家用\代码\C++\赛车游戏\racing\racing\main.cpp(31,43): warning C4244:             T=float
D:\冯文喜\家用\代码\C++\赛车游戏\racing\racing\main.cpp(31,43): warning C4244:         ]
D:\冯文喜\家用\代码\C++\赛车游戏\racing\racing\main.cpp(31,37): warning C4244: “参数”: 从“int”转换到“T”，可能丢失数据
D:\冯文喜\家用\代码\C++\赛车游戏\racing\racing\main.cpp(31,37): warning C4244:         with
D:\冯文喜\家用\代码\C++\赛车游戏\racing\racing\main.cpp(31,37): warning C4244:         [
D:\冯文喜\家用\代码\C++\赛车游戏\racing\racing\main.cpp(31,37): warning C4244:             T=float
D:\冯文喜\家用\代码\C++\赛车游戏\racing\racing\main.cpp(31,37): warning C4244:         ]
D:\冯文喜\家用\代码\C++\赛车游戏\racing\racing\main.cpp(43,21): warning C4244: “初始化”: 从“double”转换到“float”，可能丢失数据
D:\冯文喜\家用\代码\C++\赛车游戏\racing\racing\main.cpp(44,24): warning C4244: “参数”: 从“double”转换到“int”，可能丢失数据
D:\冯文喜\家用\代码\C++\赛车游戏\racing\racing\main.cpp(75,25): warning C4244: “=”: 从“float”转换到“int”，可能丢失数据
D:\冯文喜\家用\代码\C++\赛车游戏\racing\racing\main.cpp(79,34): warning C4244: “参数”: 从“float”转换到“int”，可能丢失数据
D:\冯文喜\家用\代码\C++\赛车游戏\racing\racing\main.cpp(86,27): warning C4244: “=”: 从“float”转换到“int”，可能丢失数据
D:\冯文喜\家用\代码\C++\赛车游戏\racing\racing\main.cpp(97,75): warning C4244: “参数”: 从“float”转换到“int”，可能丢失数据
D:\冯文喜\家用\代码\C++\赛车游戏\racing\racing\main.cpp(97,68): warning C4244: “参数”: 从“float”转换到“int”，可能丢失数据
D:\冯文喜\家用\代码\C++\赛车游戏\racing\racing\main.cpp(97,48): warning C4244: “参数”: 从“float”转换到“int”，可能丢失数据
D:\冯文喜\家用\代码\C++\赛车游戏\racing\racing\main.cpp(97,41): warning C4244: “参数”: 从“float”转换到“int”，可能丢失数据
D:\冯文喜\家用\代码\C++\赛车游戏\racing\racing\main.cpp(98,84): warning C4244: “参数”: 从“double”转换到“int”，可能丢失数据
D:\冯文喜\家用\代码\C++\赛车游戏\racing\racing\main.cpp(98,74): warning C4244: “参数”: 从“float”转换到“int”，可能丢失数据
D:\冯文喜\家用\代码\C++\赛车游戏\racing\racing\main.cpp(98,67): warning C4244: “参数”: 从“float”转换到“int”，可能丢失数据
D:\冯文喜\家用\代码\C++\赛车游戏\racing\racing\main.cpp(98,57): warning C4244: “参数”: 从“double”转换到“int”，可能丢失数据
D:\冯文喜\家用\代码\C++\赛车游戏\racing\racing\main.cpp(98,47): warning C4244: “参数”: 从“float”转换到“int”，可能丢失数据
D:\冯文喜\家用\代码\C++\赛车游戏\racing\racing\main.cpp(98,40): warning C4244: “参数”: 从“float”转换到“int”，可能丢失数据
D:\冯文喜\家用\代码\C++\赛车游戏\racing\racing\main.cpp(99,75): warning C4244: “参数”: 从“float”转换到“int”，可能丢失数据
D:\冯文喜\家用\代码\C++\赛车游戏\racing\racing\main.cpp(99,68): warning C4244: “参数”: 从“float”转换到“int”，可能丢失数据
D:\冯文喜\家用\代码\C++\赛车游戏\racing\racing\main.cpp(99,61): warning C4244: “参数”: 从“float”转换到“int”，可能丢失数据
D:\冯文喜\家用\代码\C++\赛车游戏\racing\racing\main.cpp(99,54): warning C4244: “参数”: 从“float”转换到“int”，可能丢失数据
D:\冯文喜\家用\代码\C++\赛车游戏\racing\racing\main.cpp(99,47): warning C4244: “参数”: 从“float”转换到“int”，可能丢失数据
D:\冯文喜\家用\代码\C++\赛车游戏\racing\racing\main.cpp(99,40): warning C4244: “参数”: 从“float”转换到“int”，可能丢失数据
  racing.vcxproj -> D:\冯文喜\家用\代码\C++\赛车游戏\racing\x64\Debug\racing.exe
